{"/Users/n/play/dust/lib/klei/dust.js":{"path":"/Users/n/play/dust/lib/klei/dust.js","s":{"1":1,"2":1,"3":1,"4":1,"5":1,"6":30,"7":1,"8":187,"9":1,"10":1,"11":30,"12":1,"13":29,"14":29,"15":1,"16":29,"17":13,"18":29,"19":5,"20":29,"21":2,"22":29,"23":4,"24":29,"25":2,"26":29,"27":4,"28":1,"29":158,"30":158,"31":1,"32":6,"33":1,"34":19,"35":19,"36":1,"37":1,"38":1,"39":0,"40":0,"41":1,"42":0,"43":1,"44":0,"45":0,"46":1,"47":24,"48":24,"49":12,"50":12,"51":1,"52":20,"53":3,"54":17,"55":5,"56":12,"57":1,"58":6,"59":1,"60":5,"61":1,"62":25,"63":1,"64":8,"65":1,"66":20,"67":1,"68":24,"69":5,"70":19,"71":12,"72":7,"73":4,"74":24,"75":12,"76":12,"77":10,"78":12,"79":1,"80":8,"81":8,"82":0,"83":0,"84":0,"85":1,"86":8,"87":8,"88":0,"89":1,"90":6,"91":6,"92":0,"93":0,"94":0,"95":1,"96":6,"97":6,"98":6,"99":0,"100":1,"101":8,"102":8,"103":8,"104":0,"105":8,"106":8,"107":8,"108":8,"109":0,"110":1,"111":0,"112":0,"113":0,"114":1,"115":6,"116":0,"117":0,"118":1,"119":0,"120":1,"121":3,"122":1,"123":19,"124":13,"125":6,"126":0,"127":6,"128":6,"129":3,"130":6,"131":1,"132":6,"133":2,"134":6,"135":6,"136":0,"137":6,"138":6,"139":0,"140":6,"141":6,"142":2,"143":4,"144":6,"145":6,"146":6,"147":6,"148":0,"149":1},"b":{"1":[1,186],"2":[1,28],"3":[13,16],"4":[5,24],"5":[2,27],"6":[4,25],"7":[2,27],"8":[4,25],"9":[3,17],"10":[5,12],"11":[1,5],"12":[6,6],"13":[25,20,12],"14":[8,5,5],"15":[5,19],"16":[12,7],"17":[4,3],"18":[12,12],"19":[10,2],"20":[8,0],"21":[0,0],"22":[0,0],"23":[8,0],"24":[6,0],"25":[0,0],"26":[0,0],"27":[6,0],"28":[0,8],"29":[0,0],"30":[0,6],"31":[13,6],"32":[0,6],"33":[3,3],"34":[0,6],"35":[0,6],"36":[2,4],"37":[6,6,2]},"f":{"1":1,"2":30,"3":187,"4":30,"5":29,"6":158,"7":6,"8":19,"9":1,"10":0,"11":0,"12":0,"13":24,"14":20,"15":6,"16":25,"17":8,"18":20,"19":24,"20":8,"21":8,"22":6,"23":6,"24":8,"25":0,"26":6,"27":0,"28":3,"29":19,"30":6,"31":2,"32":6},"fnMap":{"1":{"name":"(anonymous_1)","line":5,"loc":{"start":{"line":5,"column":15},"end":{"line":5,"column":27}}},"2":{"name":"(anonymous_2)","line":13,"loc":{"start":{"line":13,"column":28},"end":{"line":13,"column":40}}},"3":{"name":"(anonymous_3)","line":24,"loc":{"start":{"line":24,"column":29},"end":{"line":24,"column":41}}},"4":{"name":"(anonymous_4)","line":29,"loc":{"start":{"line":29,"column":24},"end":{"line":29,"column":36}}},"5":{"name":"(anonymous_5)","line":33,"loc":{"start":{"line":33,"column":22},"end":{"line":33,"column":41}}},"6":{"name":"(anonymous_6)","line":58,"loc":{"start":{"line":58,"column":22},"end":{"line":58,"column":34}}},"7":{"name":"(anonymous_7)","line":63,"loc":{"start":{"line":63,"column":31},"end":{"line":63,"column":43}}},"8":{"name":"(anonymous_8)","line":67,"loc":{"start":{"line":67,"column":19},"end":{"line":67,"column":31}}},"9":{"name":"(anonymous_9)","line":72,"loc":{"start":{"line":72,"column":22},"end":{"line":72,"column":34}}},"10":{"name":"(anonymous_10)","line":76,"loc":{"start":{"line":76,"column":22},"end":{"line":76,"column":41}}},"11":{"name":"(anonymous_11)","line":81,"loc":{"start":{"line":81,"column":22},"end":{"line":81,"column":33}}},"12":{"name":"(anonymous_12)","line":85,"loc":{"start":{"line":85,"column":22},"end":{"line":85,"column":40}}},"13":{"name":"(anonymous_13)","line":90,"loc":{"start":{"line":90,"column":21},"end":{"line":90,"column":37}}},"14":{"name":"(anonymous_14)","line":99,"loc":{"start":{"line":99,"column":33},"end":{"line":99,"column":49}}},"15":{"name":"(anonymous_15)","line":109,"loc":{"start":{"line":109,"column":24},"end":{"line":109,"column":42}}},"16":{"name":"(anonymous_16)","line":117,"loc":{"start":{"line":117,"column":34},"end":{"line":117,"column":52}}},"17":{"name":"(anonymous_17)","line":121,"loc":{"start":{"line":121,"column":38},"end":{"line":121,"column":56}}},"18":{"name":"(anonymous_18)","line":125,"loc":{"start":{"line":125,"column":37},"end":{"line":125,"column":49}}},"19":{"name":"(anonymous_19)","line":129,"loc":{"start":{"line":129,"column":23},"end":{"line":129,"column":47}}},"20":{"name":"(anonymous_20)","line":146,"loc":{"start":{"line":146,"column":26},"end":{"line":146,"column":42}}},"21":{"name":"(anonymous_21)","line":155,"loc":{"start":{"line":155,"column":26},"end":{"line":155,"column":47}}},"22":{"name":"(anonymous_22)","line":161,"loc":{"start":{"line":161,"column":28},"end":{"line":161,"column":44}}},"23":{"name":"(anonymous_23)","line":170,"loc":{"start":{"line":170,"column":28},"end":{"line":170,"column":54}}},"24":{"name":"(anonymous_24)","line":178,"loc":{"start":{"line":178,"column":23},"end":{"line":178,"column":57}}},"25":{"name":"(anonymous_25)","line":194,"loc":{"start":{"line":194,"column":39},"end":{"line":194,"column":51}}},"26":{"name":"(anonymous_26)","line":201,"loc":{"start":{"line":201,"column":38},"end":{"line":201,"column":50}}},"27":{"name":"(anonymous_27)","line":208,"loc":{"start":{"line":208,"column":27},"end":{"line":208,"column":47}}},"28":{"name":"(anonymous_28)","line":210,"loc":{"start":{"line":210,"column":22},"end":{"line":210,"column":34}}},"29":{"name":"(anonymous_29)","line":214,"loc":{"start":{"line":214,"column":25},"end":{"line":214,"column":43}}},"30":{"name":"(anonymous_30)","line":230,"loc":{"start":{"line":230,"column":16},"end":{"line":230,"column":49}}},"31":{"name":"(anonymous_31)","line":231,"loc":{"start":{"line":231,"column":32},"end":{"line":231,"column":58}}},"32":{"name":"(anonymous_32)","line":239,"loc":{"start":{"line":239,"column":35},"end":{"line":239,"column":54}}}},"statementMap":{"1":{"start":{"line":1,"column":0},"end":{"line":2,"column":23}},"2":{"start":{"line":3,"column":4},"end":{"line":3,"column":30}},"3":{"start":{"line":5,"column":0},"end":{"line":260,"column":2}},"4":{"start":{"line":6,"column":4},"end":{"line":11,"column":30}},"5":{"start":{"line":13,"column":4},"end":{"line":22,"column":6}},"6":{"start":{"line":14,"column":8},"end":{"line":21,"column":10}},"7":{"start":{"line":24,"column":4},"end":{"line":27,"column":6}},"8":{"start":{"line":25,"column":8},"end":{"line":26,"column":32}},"9":{"start":{"line":26,"column":12},"end":{"line":26,"column":32}},"10":{"start":{"line":29,"column":4},"end":{"line":31,"column":6}},"11":{"start":{"line":30,"column":8},"end":{"line":30,"column":39}},"12":{"start":{"line":33,"column":4},"end":{"line":56,"column":6}},"13":{"start":{"line":34,"column":8},"end":{"line":34,"column":29}},"14":{"start":{"line":36,"column":8},"end":{"line":37,"column":70}},"15":{"start":{"line":37,"column":12},"end":{"line":37,"column":70}},"16":{"start":{"line":39,"column":8},"end":{"line":40,"column":41}},"17":{"start":{"line":40,"column":12},"end":{"line":40,"column":41}},"18":{"start":{"line":42,"column":8},"end":{"line":43,"column":51}},"19":{"start":{"line":43,"column":12},"end":{"line":43,"column":51}},"20":{"start":{"line":45,"column":8},"end":{"line":46,"column":45}},"21":{"start":{"line":46,"column":12},"end":{"line":46,"column":45}},"22":{"start":{"line":48,"column":8},"end":{"line":49,"column":63}},"23":{"start":{"line":49,"column":12},"end":{"line":49,"column":63}},"24":{"start":{"line":51,"column":8},"end":{"line":52,"column":63}},"25":{"start":{"line":52,"column":12},"end":{"line":52,"column":63}},"26":{"start":{"line":54,"column":8},"end":{"line":55,"column":55}},"27":{"start":{"line":55,"column":12},"end":{"line":55,"column":55}},"28":{"start":{"line":58,"column":4},"end":{"line":61,"column":6}},"29":{"start":{"line":59,"column":8},"end":{"line":59,"column":29}},"30":{"start":{"line":60,"column":8},"end":{"line":60,"column":24}},"31":{"start":{"line":63,"column":4},"end":{"line":65,"column":6}},"32":{"start":{"line":64,"column":8},"end":{"line":64,"column":30}},"33":{"start":{"line":67,"column":4},"end":{"line":72,"column":4}},"34":{"start":{"line":68,"column":6},"end":{"line":68,"column":23}},"35":{"start":{"line":69,"column":6},"end":{"line":69,"column":18}},"36":{"start":{"line":72,"column":4},"end":{"line":74,"column":6}},"37":{"start":{"line":73,"column":8},"end":{"line":73,"column":38}},"38":{"start":{"line":76,"column":4},"end":{"line":79,"column":6}},"39":{"start":{"line":77,"column":8},"end":{"line":77,"column":41}},"40":{"start":{"line":78,"column":8},"end":{"line":78,"column":30}},"41":{"start":{"line":81,"column":4},"end":{"line":83,"column":6}},"42":{"start":{"line":82,"column":8},"end":{"line":82,"column":38}},"43":{"start":{"line":85,"column":4},"end":{"line":88,"column":6}},"44":{"start":{"line":86,"column":8},"end":{"line":86,"column":41}},"45":{"start":{"line":87,"column":8},"end":{"line":87,"column":30}},"46":{"start":{"line":90,"column":4},"end":{"line":97,"column":6}},"47":{"start":{"line":91,"column":8},"end":{"line":95,"column":9}},"48":{"start":{"line":92,"column":12},"end":{"line":92,"column":31}},"49":{"start":{"line":94,"column":12},"end":{"line":94,"column":25}},"50":{"start":{"line":96,"column":8},"end":{"line":96,"column":20}},"51":{"start":{"line":99,"column":4},"end":{"line":107,"column":6}},"52":{"start":{"line":100,"column":8},"end":{"line":101,"column":24}},"53":{"start":{"line":101,"column":12},"end":{"line":101,"column":24}},"54":{"start":{"line":103,"column":8},"end":{"line":104,"column":24}},"55":{"start":{"line":104,"column":12},"end":{"line":104,"column":24}},"56":{"start":{"line":106,"column":8},"end":{"line":106,"column":21}},"57":{"start":{"line":109,"column":4},"end":{"line":115,"column":6}},"58":{"start":{"line":110,"column":8},"end":{"line":112,"column":9}},"59":{"start":{"line":111,"column":12},"end":{"line":111,"column":53}},"60":{"start":{"line":114,"column":8},"end":{"line":114,"column":22}},"61":{"start":{"line":117,"column":4},"end":{"line":119,"column":6}},"62":{"start":{"line":118,"column":8},"end":{"line":118,"column":81}},"63":{"start":{"line":121,"column":4},"end":{"line":123,"column":6}},"64":{"start":{"line":122,"column":8},"end":{"line":122,"column":70}},"65":{"start":{"line":125,"column":4},"end":{"line":127,"column":6}},"66":{"start":{"line":126,"column":8},"end":{"line":126,"column":42}},"67":{"start":{"line":129,"column":4},"end":{"line":144,"column":6}},"68":{"start":{"line":130,"column":8},"end":{"line":135,"column":64}},"69":{"start":{"line":131,"column":12},"end":{"line":131,"column":75}},"70":{"start":{"line":132,"column":13},"end":{"line":135,"column":64}},"71":{"start":{"line":133,"column":12},"end":{"line":133,"column":65}},"72":{"start":{"line":134,"column":13},"end":{"line":135,"column":64}},"73":{"start":{"line":135,"column":12},"end":{"line":135,"column":64}},"74":{"start":{"line":137,"column":8},"end":{"line":138,"column":24}},"75":{"start":{"line":138,"column":12},"end":{"line":138,"column":24}},"76":{"start":{"line":140,"column":8},"end":{"line":141,"column":54}},"77":{"start":{"line":141,"column":12},"end":{"line":141,"column":54}},"78":{"start":{"line":143,"column":8},"end":{"line":143,"column":20}},"79":{"start":{"line":146,"column":4},"end":{"line":153,"column":6}},"80":{"start":{"line":147,"column":8},"end":{"line":147,"column":45}},"81":{"start":{"line":147,"column":38},"end":{"line":147,"column":45}},"82":{"start":{"line":149,"column":8},"end":{"line":149,"column":30}},"83":{"start":{"line":151,"column":8},"end":{"line":152,"column":23}},"84":{"start":{"line":152,"column":12},"end":{"line":152,"column":23}},"85":{"start":{"line":155,"column":4},"end":{"line":159,"column":6}},"86":{"start":{"line":156,"column":8},"end":{"line":156,"column":45}},"87":{"start":{"line":156,"column":38},"end":{"line":156,"column":45}},"88":{"start":{"line":158,"column":8},"end":{"line":158,"column":26}},"89":{"start":{"line":161,"column":4},"end":{"line":168,"column":6}},"90":{"start":{"line":162,"column":8},"end":{"line":162,"column":45}},"91":{"start":{"line":162,"column":38},"end":{"line":162,"column":45}},"92":{"start":{"line":164,"column":8},"end":{"line":164,"column":35}},"93":{"start":{"line":166,"column":8},"end":{"line":167,"column":28}},"94":{"start":{"line":167,"column":12},"end":{"line":167,"column":28}},"95":{"start":{"line":170,"column":4},"end":{"line":176,"column":6}},"96":{"start":{"line":171,"column":8},"end":{"line":174,"column":9}},"97":{"start":{"line":172,"column":12},"end":{"line":172,"column":38}},"98":{"start":{"line":173,"column":12},"end":{"line":173,"column":19}},"99":{"start":{"line":175,"column":8},"end":{"line":175,"column":31}},"100":{"start":{"line":178,"column":4},"end":{"line":192,"column":6}},"101":{"start":{"line":179,"column":8},"end":{"line":179,"column":46}},"102":{"start":{"line":181,"column":8},"end":{"line":181,"column":40}},"103":{"start":{"line":183,"column":8},"end":{"line":183,"column":44}},"104":{"start":{"line":183,"column":17},"end":{"line":183,"column":44}},"105":{"start":{"line":185,"column":8},"end":{"line":191,"column":9}},"106":{"start":{"line":186,"column":12},"end":{"line":186,"column":48}},"107":{"start":{"line":187,"column":12},"end":{"line":187,"column":39}},"108":{"start":{"line":188,"column":12},"end":{"line":188,"column":32}},"109":{"start":{"line":190,"column":12},"end":{"line":190,"column":33}},"110":{"start":{"line":194,"column":4},"end":{"line":199,"column":6}},"111":{"start":{"line":195,"column":8},"end":{"line":198,"column":9}},"112":{"start":{"line":196,"column":12},"end":{"line":196,"column":52}},"113":{"start":{"line":197,"column":12},"end":{"line":197,"column":54}},"114":{"start":{"line":201,"column":4},"end":{"line":206,"column":6}},"115":{"start":{"line":202,"column":8},"end":{"line":205,"column":9}},"116":{"start":{"line":203,"column":12},"end":{"line":203,"column":52}},"117":{"start":{"line":204,"column":12},"end":{"line":204,"column":34}},"118":{"start":{"line":208,"column":4},"end":{"line":208,"column":64}},"119":{"start":{"line":208,"column":49},"end":{"line":208,"column":61}},"120":{"start":{"line":210,"column":4},"end":{"line":212,"column":6}},"121":{"start":{"line":211,"column":8},"end":{"line":211,"column":34}},"122":{"start":{"line":214,"column":4},"end":{"line":228,"column":6}},"123":{"start":{"line":215,"column":8},"end":{"line":216,"column":19}},"124":{"start":{"line":216,"column":12},"end":{"line":216,"column":19}},"125":{"start":{"line":218,"column":8},"end":{"line":221,"column":42}},"126":{"start":{"line":219,"column":12},"end":{"line":219,"column":43}},"127":{"start":{"line":221,"column":12},"end":{"line":221,"column":42}},"128":{"start":{"line":223,"column":8},"end":{"line":225,"column":9}},"129":{"start":{"line":224,"column":12},"end":{"line":224,"column":26}},"130":{"start":{"line":227,"column":8},"end":{"line":227,"column":29}},"131":{"start":{"line":230,"column":4},"end":{"line":259,"column":6}},"132":{"start":{"line":231,"column":8},"end":{"line":233,"column":10}},"133":{"start":{"line":232,"column":12},"end":{"line":232,"column":49}},"134":{"start":{"line":235,"column":8},"end":{"line":235,"column":47}},"135":{"start":{"line":237,"column":8},"end":{"line":237,"column":75}},"136":{"start":{"line":237,"column":22},"end":{"line":237,"column":75}},"137":{"start":{"line":239,"column":8},"end":{"line":258,"column":11}},"138":{"start":{"line":240,"column":12},"end":{"line":240,"column":42}},"139":{"start":{"line":240,"column":21},"end":{"line":240,"column":42}},"140":{"start":{"line":242,"column":12},"end":{"line":242,"column":46}},"141":{"start":{"line":244,"column":12},"end":{"line":247,"column":39}},"142":{"start":{"line":245,"column":16},"end":{"line":245,"column":59}},"143":{"start":{"line":247,"column":16},"end":{"line":247,"column":39}},"144":{"start":{"line":249,"column":12},"end":{"line":257,"column":13}},"145":{"start":{"line":250,"column":16},"end":{"line":250,"column":57}},"146":{"start":{"line":252,"column":16},"end":{"line":252,"column":50}},"147":{"start":{"line":254,"column":16},"end":{"line":254,"column":62}},"148":{"start":{"line":256,"column":16},"end":{"line":256,"column":28}},"149":{"start":{"line":262,"column":0},"end":{"line":262,"column":32}}},"branchMap":{"1":{"line":25,"type":"if","locations":[{"start":{"line":25,"column":8},"end":{"line":25,"column":8}},{"start":{"line":25,"column":8},"end":{"line":25,"column":8}}]},"2":{"line":36,"type":"if","locations":[{"start":{"line":36,"column":8},"end":{"line":36,"column":8}},{"start":{"line":36,"column":8},"end":{"line":36,"column":8}}]},"3":{"line":39,"type":"if","locations":[{"start":{"line":39,"column":8},"end":{"line":39,"column":8}},{"start":{"line":39,"column":8},"end":{"line":39,"column":8}}]},"4":{"line":42,"type":"if","locations":[{"start":{"line":42,"column":8},"end":{"line":42,"column":8}},{"start":{"line":42,"column":8},"end":{"line":42,"column":8}}]},"5":{"line":45,"type":"if","locations":[{"start":{"line":45,"column":8},"end":{"line":45,"column":8}},{"start":{"line":45,"column":8},"end":{"line":45,"column":8}}]},"6":{"line":48,"type":"if","locations":[{"start":{"line":48,"column":8},"end":{"line":48,"column":8}},{"start":{"line":48,"column":8},"end":{"line":48,"column":8}}]},"7":{"line":51,"type":"if","locations":[{"start":{"line":51,"column":8},"end":{"line":51,"column":8}},{"start":{"line":51,"column":8},"end":{"line":51,"column":8}}]},"8":{"line":54,"type":"if","locations":[{"start":{"line":54,"column":8},"end":{"line":54,"column":8}},{"start":{"line":54,"column":8},"end":{"line":54,"column":8}}]},"9":{"line":100,"type":"if","locations":[{"start":{"line":100,"column":8},"end":{"line":100,"column":8}},{"start":{"line":100,"column":8},"end":{"line":100,"column":8}}]},"10":{"line":103,"type":"if","locations":[{"start":{"line":103,"column":8},"end":{"line":103,"column":8}},{"start":{"line":103,"column":8},"end":{"line":103,"column":8}}]},"11":{"line":110,"type":"if","locations":[{"start":{"line":110,"column":8},"end":{"line":110,"column":8}},{"start":{"line":110,"column":8},"end":{"line":110,"column":8}}]},"12":{"line":110,"type":"binary-expr","locations":[{"start":{"line":110,"column":12},"end":{"line":110,"column":20}},{"start":{"line":110,"column":24},"end":{"line":110,"column":44}}]},"13":{"line":118,"type":"binary-expr","locations":[{"start":{"line":118,"column":18},"end":{"line":118,"column":50}},{"start":{"line":118,"column":54},"end":{"line":118,"column":60}},{"start":{"line":118,"column":64},"end":{"line":118,"column":79}}]},"14":{"line":122,"type":"binary-expr","locations":[{"start":{"line":122,"column":18},"end":{"line":122,"column":24}},{"start":{"line":122,"column":28},"end":{"line":122,"column":43}},{"start":{"line":122,"column":47},"end":{"line":122,"column":68}}]},"15":{"line":130,"type":"if","locations":[{"start":{"line":130,"column":8},"end":{"line":130,"column":8}},{"start":{"line":130,"column":8},"end":{"line":130,"column":8}}]},"16":{"line":132,"type":"if","locations":[{"start":{"line":132,"column":13},"end":{"line":132,"column":13}},{"start":{"line":132,"column":13},"end":{"line":132,"column":13}}]},"17":{"line":134,"type":"if","locations":[{"start":{"line":134,"column":13},"end":{"line":134,"column":13}},{"start":{"line":134,"column":13},"end":{"line":134,"column":13}}]},"18":{"line":137,"type":"if","locations":[{"start":{"line":137,"column":8},"end":{"line":137,"column":8}},{"start":{"line":137,"column":8},"end":{"line":137,"column":8}}]},"19":{"line":140,"type":"if","locations":[{"start":{"line":140,"column":8},"end":{"line":140,"column":8}},{"start":{"line":140,"column":8},"end":{"line":140,"column":8}}]},"20":{"line":147,"type":"if","locations":[{"start":{"line":147,"column":8},"end":{"line":147,"column":8}},{"start":{"line":147,"column":8},"end":{"line":147,"column":8}}]},"21":{"line":151,"type":"if","locations":[{"start":{"line":151,"column":8},"end":{"line":151,"column":8}},{"start":{"line":151,"column":8},"end":{"line":151,"column":8}}]},"22":{"line":151,"type":"binary-expr","locations":[{"start":{"line":151,"column":12},"end":{"line":151,"column":15}},{"start":{"line":151,"column":19},"end":{"line":151,"column":42}}]},"23":{"line":156,"type":"if","locations":[{"start":{"line":156,"column":8},"end":{"line":156,"column":8}},{"start":{"line":156,"column":8},"end":{"line":156,"column":8}}]},"24":{"line":162,"type":"if","locations":[{"start":{"line":162,"column":8},"end":{"line":162,"column":8}},{"start":{"line":162,"column":8},"end":{"line":162,"column":8}}]},"25":{"line":166,"type":"if","locations":[{"start":{"line":166,"column":8},"end":{"line":166,"column":8}},{"start":{"line":166,"column":8},"end":{"line":166,"column":8}}]},"26":{"line":166,"type":"binary-expr","locations":[{"start":{"line":166,"column":12},"end":{"line":166,"column":20}},{"start":{"line":166,"column":24},"end":{"line":166,"column":54}}]},"27":{"line":171,"type":"if","locations":[{"start":{"line":171,"column":8},"end":{"line":171,"column":8}},{"start":{"line":171,"column":8},"end":{"line":171,"column":8}}]},"28":{"line":183,"type":"if","locations":[{"start":{"line":183,"column":8},"end":{"line":183,"column":8}},{"start":{"line":183,"column":8},"end":{"line":183,"column":8}}]},"29":{"line":195,"type":"if","locations":[{"start":{"line":195,"column":8},"end":{"line":195,"column":8}},{"start":{"line":195,"column":8},"end":{"line":195,"column":8}}]},"30":{"line":202,"type":"if","locations":[{"start":{"line":202,"column":8},"end":{"line":202,"column":8}},{"start":{"line":202,"column":8},"end":{"line":202,"column":8}}]},"31":{"line":215,"type":"if","locations":[{"start":{"line":215,"column":8},"end":{"line":215,"column":8}},{"start":{"line":215,"column":8},"end":{"line":215,"column":8}}]},"32":{"line":218,"type":"if","locations":[{"start":{"line":218,"column":8},"end":{"line":218,"column":8}},{"start":{"line":218,"column":8},"end":{"line":218,"column":8}}]},"33":{"line":223,"type":"if","locations":[{"start":{"line":223,"column":8},"end":{"line":223,"column":8}},{"start":{"line":223,"column":8},"end":{"line":223,"column":8}}]},"34":{"line":237,"type":"if","locations":[{"start":{"line":237,"column":8},"end":{"line":237,"column":8}},{"start":{"line":237,"column":8},"end":{"line":237,"column":8}}]},"35":{"line":240,"type":"if","locations":[{"start":{"line":240,"column":12},"end":{"line":240,"column":12}},{"start":{"line":240,"column":12},"end":{"line":240,"column":12}}]},"36":{"line":244,"type":"if","locations":[{"start":{"line":244,"column":12},"end":{"line":244,"column":12}},{"start":{"line":244,"column":12},"end":{"line":244,"column":12}}]},"37":{"line":244,"type":"binary-expr","locations":[{"start":{"line":244,"column":16},"end":{"line":244,"column":20}},{"start":{"line":244,"column":24},"end":{"line":244,"column":56}},{"start":{"line":244,"column":60},"end":{"line":244,"column":85}}]}}}}