TN:
SF:/Users/n/play/dust/lib/klei/dust.js
FN:5,(anonymous_1)
FN:13,(anonymous_2)
FN:24,(anonymous_3)
FN:29,(anonymous_4)
FN:33,(anonymous_5)
FN:58,(anonymous_6)
FN:63,(anonymous_7)
FN:67,(anonymous_8)
FN:72,(anonymous_9)
FN:76,(anonymous_10)
FN:81,(anonymous_11)
FN:85,(anonymous_12)
FN:90,(anonymous_13)
FN:99,(anonymous_14)
FN:109,(anonymous_15)
FN:117,(anonymous_16)
FN:121,(anonymous_17)
FN:125,(anonymous_18)
FN:129,(anonymous_19)
FN:146,(anonymous_20)
FN:155,(anonymous_21)
FN:161,(anonymous_22)
FN:170,(anonymous_23)
FN:178,(anonymous_24)
FN:194,(anonymous_25)
FN:201,(anonymous_26)
FN:208,(anonymous_27)
FN:210,(anonymous_28)
FN:214,(anonymous_29)
FN:230,(anonymous_30)
FN:231,(anonymous_31)
FN:239,(anonymous_32)
FNF:32
FNH:27
FNDA:1,(anonymous_1)
FNDA:30,(anonymous_2)
FNDA:187,(anonymous_3)
FNDA:30,(anonymous_4)
FNDA:29,(anonymous_5)
FNDA:158,(anonymous_6)
FNDA:6,(anonymous_7)
FNDA:19,(anonymous_8)
FNDA:1,(anonymous_9)
FNDA:0,(anonymous_10)
FNDA:0,(anonymous_11)
FNDA:0,(anonymous_12)
FNDA:24,(anonymous_13)
FNDA:20,(anonymous_14)
FNDA:6,(anonymous_15)
FNDA:25,(anonymous_16)
FNDA:8,(anonymous_17)
FNDA:20,(anonymous_18)
FNDA:24,(anonymous_19)
FNDA:8,(anonymous_20)
FNDA:8,(anonymous_21)
FNDA:6,(anonymous_22)
FNDA:6,(anonymous_23)
FNDA:8,(anonymous_24)
FNDA:0,(anonymous_25)
FNDA:6,(anonymous_26)
FNDA:0,(anonymous_27)
FNDA:3,(anonymous_28)
FNDA:19,(anonymous_29)
FNDA:6,(anonymous_30)
FNDA:2,(anonymous_31)
FNDA:6,(anonymous_32)
DA:1,1
DA:3,1
DA:5,1
DA:6,1
DA:13,1
DA:14,30
DA:24,1
DA:25,187
DA:26,1
DA:29,1
DA:30,30
DA:33,1
DA:34,29
DA:36,29
DA:37,1
DA:39,29
DA:40,13
DA:42,29
DA:43,5
DA:45,29
DA:46,2
DA:48,29
DA:49,4
DA:51,29
DA:52,2
DA:54,29
DA:55,4
DA:58,1
DA:59,158
DA:60,158
DA:63,1
DA:64,6
DA:67,1
DA:68,19
DA:69,19
DA:72,1
DA:73,1
DA:76,1
DA:77,0
DA:78,0
DA:81,1
DA:82,0
DA:85,1
DA:86,0
DA:87,0
DA:90,1
DA:91,24
DA:92,24
DA:94,12
DA:96,12
DA:99,1
DA:100,20
DA:101,3
DA:103,17
DA:104,5
DA:106,12
DA:109,1
DA:110,6
DA:111,1
DA:114,5
DA:117,1
DA:118,25
DA:121,1
DA:122,8
DA:125,1
DA:126,20
DA:129,1
DA:130,24
DA:131,5
DA:132,19
DA:133,12
DA:134,7
DA:135,4
DA:137,24
DA:138,12
DA:140,12
DA:141,10
DA:143,12
DA:146,1
DA:147,8
DA:149,0
DA:151,0
DA:152,0
DA:155,1
DA:156,8
DA:158,0
DA:161,1
DA:162,6
DA:164,0
DA:166,0
DA:167,0
DA:170,1
DA:171,6
DA:172,6
DA:173,6
DA:175,0
DA:178,1
DA:179,8
DA:181,8
DA:183,8
DA:185,8
DA:186,8
DA:187,8
DA:188,8
DA:190,0
DA:194,1
DA:195,0
DA:196,0
DA:197,0
DA:201,1
DA:202,6
DA:203,0
DA:204,0
DA:208,1
DA:210,1
DA:211,3
DA:214,1
DA:215,19
DA:216,13
DA:218,6
DA:219,0
DA:221,6
DA:223,6
DA:224,3
DA:227,6
DA:230,1
DA:231,6
DA:232,2
DA:235,6
DA:237,6
DA:239,6
DA:240,6
DA:242,6
DA:244,6
DA:245,2
DA:247,4
DA:249,6
DA:250,6
DA:252,6
DA:254,6
DA:256,0
DA:262,1
LF:142
LH:121
BRDA:25,1,0,1
BRDA:25,1,1,186
BRDA:36,2,0,1
BRDA:36,2,1,28
BRDA:39,3,0,13
BRDA:39,3,1,16
BRDA:42,4,0,5
BRDA:42,4,1,24
BRDA:45,5,0,2
BRDA:45,5,1,27
BRDA:48,6,0,4
BRDA:48,6,1,25
BRDA:51,7,0,2
BRDA:51,7,1,27
BRDA:54,8,0,4
BRDA:54,8,1,25
BRDA:100,9,0,3
BRDA:100,9,1,17
BRDA:103,10,0,5
BRDA:103,10,1,12
BRDA:110,11,0,1
BRDA:110,11,1,5
BRDA:110,12,0,6
BRDA:110,12,1,6
BRDA:118,13,0,25
BRDA:118,13,1,20
BRDA:118,13,2,12
BRDA:122,14,0,8
BRDA:122,14,1,5
BRDA:122,14,2,5
BRDA:130,15,0,5
BRDA:130,15,1,19
BRDA:132,16,0,12
BRDA:132,16,1,7
BRDA:134,17,0,4
BRDA:134,17,1,3
BRDA:137,18,0,12
BRDA:137,18,1,12
BRDA:140,19,0,10
BRDA:140,19,1,2
BRDA:147,20,0,8
BRDA:147,20,1,0
BRDA:151,21,0,0
BRDA:151,21,1,0
BRDA:151,22,0,0
BRDA:151,22,1,0
BRDA:156,23,0,8
BRDA:156,23,1,0
BRDA:162,24,0,6
BRDA:162,24,1,0
BRDA:166,25,0,0
BRDA:166,25,1,0
BRDA:166,26,0,0
BRDA:166,26,1,0
BRDA:171,27,0,6
BRDA:171,27,1,0
BRDA:183,28,0,0
BRDA:183,28,1,8
BRDA:195,29,0,0
BRDA:195,29,1,0
BRDA:202,30,0,0
BRDA:202,30,1,6
BRDA:215,31,0,13
BRDA:215,31,1,6
BRDA:218,32,0,0
BRDA:218,32,1,6
BRDA:223,33,0,3
BRDA:223,33,1,3
BRDA:237,34,0,0
BRDA:237,34,1,6
BRDA:240,35,0,0
BRDA:240,35,1,6
BRDA:244,36,0,2
BRDA:244,36,1,4
BRDA:244,37,0,6
BRDA:244,37,1,6
BRDA:244,37,2,2
BRF:77
BRH:58
end_of_record
